 
*** VICE Version 3.0 ***
OS compiled for: WIN64
GUI compiled for: NATIVE
CPU compiled for: X64
Compiler used: GCC-6.2.0
Current OS: Windows 10 Pro (64bit X64)
Current CPU: AMD K8
 
Welcome to xvic, the free portable VIC20 Emulator.
 
Current VICE team members:
Andreas Matthies, Martin Pottendorfer, Marco van den Heuvel, Fabrizio Gennari, 
Groepaz, Marcus Sutton, Kajtar Zsolt, Stefan Haubenthal, BSzili, AreaScout, 
Bas Wassink.
 
This is free software with ABSOLUTELY NO WARRANTY.
See the "About VICE" command for more info.
 
Loading system file `E:\retro-dev-tools\emulators\WinVICE-3.0-x64\VIC20\kernal'.
Loading system file `E:\retro-dev-tools\emulators\WinVICE-3.0-x64\VIC20\basic'.
Loading system file `E:\retro-dev-tools\emulators\WinVICE-3.0-x64\VIC20\chargen'.
VIC20 kernal patched to 901486-07.
Loading system file `E:\retro-dev-tools\emulators\WinVICE-3.0-x64\PRINTER\mps803'.
Palette: Loading palette `E:\retro-dev-tools\emulators\WinVICE-3.0-x64\PRINTER\mps803.vpl'.
Loading system file `E:\retro-dev-tools\emulators\WinVICE-3.0-x64\PRINTER\nl10-cbm'.
Palette: Loading palette `E:\retro-dev-tools\emulators\WinVICE-3.0-x64\PRINTER\nl10.vpl'.
NL10: Printer driver initialized.
Palette: Loading palette `E:\retro-dev-tools\emulators\WinVICE-3.0-x64\PRINTER\1520.vpl'.
Loading system file `E:\retro-dev-tools\emulators\WinVICE-3.0-x64\DRIVES\dos1540'.
Loading system file `E:\retro-dev-tools\emulators\WinVICE-3.0-x64\DRIVES\dos1541'.
Loading system file `E:\retro-dev-tools\emulators\WinVICE-3.0-x64\DRIVES\d1541II'.
Loading system file `E:\retro-dev-tools\emulators\WinVICE-3.0-x64\DRIVES\dos1570'.
Loading system file `E:\retro-dev-tools\emulators\WinVICE-3.0-x64\DRIVES\dos1571'.
Loading system file `E:\retro-dev-tools\emulators\WinVICE-3.0-x64\DRIVES\dos1581'.
DriveROM: Error - 2000 ROM image not found. Hardware-level 2000 emulation is not available.
DriveROM: Error - 4000 ROM image not found. Hardware-level 4000 emulation is not available.
Loading system file `E:\retro-dev-tools\emulators\WinVICE-3.0-x64\DRIVES\dos2031'.
Loading system file `E:\retro-dev-tools\emulators\WinVICE-3.0-x64\DRIVES\dos2040'.
Loading system file `E:\retro-dev-tools\emulators\WinVICE-3.0-x64\DRIVES\dos3040'.
Loading system file `E:\retro-dev-tools\emulators\WinVICE-3.0-x64\DRIVES\dos4040'.
Loading system file `E:\retro-dev-tools\emulators\WinVICE-3.0-x64\DRIVES\dos1001'.
Drive: Finished loading ROM images.
video_dx9: Failed to prepare for rendering!
Sound: Available sound devices: dx wmm dummy fs dump wav voc iff aiff mp3 flac ogg soundmovie
EthernetARCH: LoadLibrary WPCAP.DLL failed!
Keyboard: Loading keymap `E:\retro-dev-tools\emulators\WinVICE-3.0-x64\VIC20\win_sym.vkm'.
AUTOSTART: Autodetecting image type of `E:\youtube\CityXen\Assets\github\APMs\Victoria (Commodore VIC 20)\prg_files\victoria.prg'.
Filesystem Image: Unknown disk image `E:\youtube\CityXen\Assets\github\APMs\Victoria (Commodore VIC 20)\prg_files\victoria.prg'.
Tape: Error - Cannot open file `E:\youtube\CityXen\Assets\github\APMs\Victoria (Commodore VIC 20)\prg_files\victoria.prg'
AUTOSTART: Loading PRG file `E:\youtube\CityXen\Assets\github\APMs\Victoria (Commodore VIC 20)\prg_files\victoria.prg' with autostart disk image.
AUTOSTART: Turning true drive emulation off.
AUTOSTART: Turning true drive emulation on.
AUTOSTART: Resetting the machine to autostart '*'
AUTOSTART: Turning Warp mode on
AUTOSTART: `E:\youtube\CityXen\Assets\github\APMs\Victoria (Commodore VIC 20)\prg_files\victoria.prg' recognized as program/p00 file.
Main CPU: starting at ($FFFC).
Main CPU: RESET.
Drive 8: RESET.
video_dx9: Failed to prepare for rendering!
Drive 8: RESET.
Sound: Opened device `dx', speed 44100Hz, fragment size 2.9ms, buffer size 101ms
reSID: MOS6581, filter on, sampling rate 44100Hz - resampling, pass to 19845Hz
AUTOSTART: Loading program '*'
AUTOSTART: Searching for ...
AUTOSTART: Loading
AUTOSTART: Entered ROM at $ef58
AUTOSTART: Ready
AUTOSTART: Turning Warp mode off
AUTOSTART: Starting program.
AUTOSTART: Done.

Exiting...
Sound: Closing device `dx'
